{"numFailedTestSuites":1,"numFailedTests":1,"numPassedTestSuites":1,"numPassedTests":96,"numPendingTestSuites":0,"numPendingTests":0,"numRuntimeErrorTestSuites":0,"numTodoTests":0,"numTotalTestSuites":2,"numTotalTests":97,"openHandles":[],"snapshot":{"added":0,"didUpdate":false,"failure":false,"filesAdded":0,"filesRemoved":0,"filesRemovedList":[],"filesUnmatched":0,"filesUpdated":0,"matched":0,"total":0,"unchecked":0,"uncheckedKeysByFile":[],"unmatched":0,"updated":0},"startTime":1789369799879,"success":false,"testResults":[{"assertionResults":[{"ancestorTitles":["Part A exercise authoring source contract"],"duration":2,"failing":false,"failureDetails":[],"failureMessages":[],"fullName":"Part A exercise authoring source contract normalizes CRLF and lone CR source text","invocations":1,"location":null,"numPassingAsserts":1,"retryReasons":[],"startAt":1789369804243,"status":"passed","title":"normalizes CRLF and lone CR source text"},{"ancestorTitles":["Part A exercise authoring source contract"],"duration":8,"failing":false,"failureDetails":[],"failureMessages":[],"fullName":"Part A exercise authoring source contract normalizes source line endings before structural mutation probes","invocations":1,"location":null,"numPassingAsserts":1,"retryReasons":[],"startAt":1789369804245,"status":"passed","title":"normalizes source line endings before structural mutation probes"},{"ancestorTitles":["Part A exercise authoring source contract"],"duration":17,"failing":false,"failureDetails":[],"failureMessages":[],"fullName":"Part A exercise authoring source contract current platform guidance passes without inspecting lesson output","invocations":1,"location":null,"numPassingAsserts":2,"retryReasons":[],"startAt":1789369804253,"status":"passed","title":"current platform guidance passes without inspecting lesson output"},{"ancestorTitles":["Part A exercise authoring source contract"],"duration":42,"failing":false,"failureDetails":[],"failureMessages":[],"fullName":"Part A exercise authoring source contract rejects reordered, interrupted or wrong-level canonical template headings","invocations":1,"location":null,"numPassingAsserts":6,"retryReasons":[],"startAt":1789369804270,"status":"passed","title":"rejects reordered, interrupted or wrong-level canonical template headings"},{"ancestorTitles":["Part A exercise authoring source contract"],"duration":30,"failing":false,"failureDetails":[],"failureMessages":[],"fullName":"Part A exercise authoring source contract rejects extra or intervening headings in the operational template","invocations":1,"location":null,"numPassingAsserts":4,"retryReasons":[],"startAt":1789369804313,"status":"passed","title":"rejects extra or intervening headings in the operational template"},{"ancestorTitles":["Part A exercise authoring source contract"],"duration":14,"failing":false,"failureDetails":[],"failureMessages":[],"fullName":"Part A exercise authoring source contract accepts a caller with a linked contract instead of repeated heading/policy copies","invocations":1,"location":null,"numPassingAsserts":1,"retryReasons":[],"startAt":1789369804344,"status":"passed","title":"accepts a caller with a linked contract instead of repeated heading/policy copies"},{"ancestorTitles":["Part A exercise authoring source contract"],"duration":15,"failing":false,"failureDetails":[],"failureMessages":[],"fullName":"Part A exercise authoring source contract rejects missing owner link from skills/econ-textbook-paragraph.md to skills/econ-exercise-builder.md","invocations":1,"location":null,"numPassingAsserts":1,"retryReasons":[],"startAt":1789369804358,"status":"passed","title":"rejects missing owner link from skills/econ-textbook-paragraph.md to skills/econ-exercise-builder.md"},{"ancestorTitles":["Part A exercise authoring source contract"],"duration":12,"failing":false,"failureDetails":[],"failureMessages":[],"fullName":"Part A exercise authoring source contract rejects missing owner link from skills/econ-didactiek.md to skills/econ-exercise-builder.md","invocations":1,"location":null,"numPassingAsserts":1,"retryReasons":[],"startAt":1789369804373,"status":"passed","title":"rejects missing owner link from skills/econ-didactiek.md to skills/econ-exercise-builder.md"},{"ancestorTitles":["Part A exercise authoring source contract"],"duration":17,"failing":false,"failureDetails":[],"failureMessages":[],"fullName":"Part A exercise authoring source contract rejects missing owner link from skills/econ-paragraph-review.md to skills/econ-exercise-builder.md","invocations":1,"location":null,"numPassingAsserts":1,"retryReasons":[],"startAt":1789369804385,"status":"passed","title":"rejects missing owner link from skills/econ-paragraph-review.md to skills/econ-exercise-builder.md"},{"ancestorTitles":["Part A exercise authoring source contract"],"duration":13,"failing":false,"failureDetails":[],"failureMessages":[],"fullName":"Part A exercise authoring source contract rejects missing owner link from skills/econ-pdf-builder.md to skills/econ-exercise-builder.md","invocations":1,"location":null,"numPassingAsserts":1,"retryReasons":[],"startAt":1789369804402,"status":"passed","title":"rejects missing owner link from skills/econ-pdf-builder.md to skills/econ-exercise-builder.md"},{"ancestorTitles":["Part A exercise authoring source contract"],"duration":14,"failing":false,"failureDetails":[],"failureMessages":[],"fullName":"Part A exercise authoring source contract rejects missing owner link from agents/teacher-learning-quality-review-agent.md to skills/econ-exercise-builder.md","invocations":1,"location":null,"numPassingAsserts":1,"retryReasons":[],"startAt":1789369804415,"status":"passed","title":"rejects missing owner link from agents/teacher-learning-quality-review-agent.md to skills/econ-exercise-builder.md"},{"ancestorTitles":["Part A exercise authoring source contract"],"duration":14,"failing":false,"failureDetails":[],"failureMessages":[],"fullName":"Part A exercise authoring source contract rejects missing owner link from BUILD-PARAGRAPH.md to skills/econ-exercise-builder.md","invocations":1,"location":null,"numPassingAsserts":1,"retryReasons":[],"startAt":1789369804429,"status":"passed","title":"rejects missing owner link from BUILD-PARAGRAPH.md to skills/econ-exercise-builder.md"},{"ancestorTitles":["Part A exercise authoring source contract"],"duration":14,"failing":false,"failureDetails":[],"failureMessages":[],"fullName":"Part A exercise authoring source contract rejects missing owner link from docs/workflows/textbook-paragraph-lane.md to skills/econ-exercise-builder.md","invocations":1,"location":null,"numPassingAsserts":1,"retryReasons":[],"startAt":1789369804444,"status":"passed","title":"rejects missing owner link from docs/workflows/textbook-paragraph-lane.md to skills/econ-exercise-builder.md"},{"ancestorTitles":["Part A exercise authoring source contract"],"duration":15,"failing":false,"failureDetails":[],"failureMessages":[],"fullName":"Part A exercise authoring source contract rejects missing owner link from references/authored/vraagtypen-en-opgaveontwerp.md to skills/econ-exercise-builder.md","invocations":1,"location":null,"numPassingAsserts":1,"retryReasons":[],"startAt":1789369804458,"status":"passed","title":"rejects missing owner link from references/authored/vraagtypen-en-opgaveontwerp.md to skills/econ-exercise-builder.md"},{"ancestorTitles":["Part A exercise authoring source contract"],"duration":12,"failing":false,"failureDetails":[],"failureMessages":[],"fullName":"Part A exercise authoring source contract rejects missing owner link from references/authored/didactiek-principes.md to skills/economic-graph.md","invocations":1,"location":null,"numPassingAsserts":1,"retryReasons":[],"startAt":1789369804473,"status":"passed","title":"rejects missing owner link from references/authored/didactiek-principes.md to skills/economic-graph.md"},{"ancestorTitles":["Part A exercise authoring source contract"],"duration":16,"failing":false,"failureDetails":[],"failureMessages":[],"fullName":"Part A exercise authoring source contract rejects missing owner link from references/authored/didactiek-principes.md to docs/workflows/part-a-review.md","invocations":1,"location":null,"numPassingAsserts":1,"retryReasons":[],"startAt":1789369804485,"status":"passed","title":"rejects missing owner link from references/authored/didactiek-principes.md to docs/workflows/part-a-review.md"},{"ancestorTitles":["Part A exercise authoring source contract"],"duration":17,"failing":false,"failureDetails":[],"failureMessages":[],"fullName":"Part A exercise authoring source contract rejects missing owner link from skills/econ-textbook-paragraph.md to skills/economic-graph.md","invocations":1,"location":null,"numPassingAsserts":1,"retryReasons":[],"startAt":1789369804501,"status":"passed","title":"rejects missing owner link from skills/econ-textbook-paragraph.md to skills/economic-graph.md"},{"ancestorTitles":["Part A exercise authoring source contract"],"duration":15,"failing":false,"failureDetails":[],"failureMessages":[],"fullName":"Part A exercise authoring source contract rejects missing owner link from skills/econ-textbook-paragraph.md to docs/workflows/part-a-review.md","invocations":1,"location":null,"numPassingAsserts":1,"retryReasons":[],"startAt":1789369804518,"status":"passed","title":"rejects missing owner link from skills/econ-textbook-paragraph.md to docs/workflows/part-a-review.md"},{"ancestorTitles":["Part A exercise authoring source contract"],"duration":12,"failing":false,"failureDetails":[],"failureMessages":[],"fullName":"Part A exercise authoring source contract rejects missing owner link from skills/econ-exercise-builder.md to skills/economic-graph.md","invocations":1,"location":null,"numPassingAsserts":1,"retryReasons":[],"startAt":1789369804534,"status":"passed","title":"rejects missing owner link from skills/econ-exercise-builder.md to skills/economic-graph.md"},{"ancestorTitles":["Part A exercise authoring source contract"],"duration":12,"failing":false,"failureDetails":[],"failureMessages":[],"fullName":"Part A exercise authoring source contract rejects missing owner link from skills/econ-exercise-builder.md to docs/workflows/part-a-review.md","invocations":1,"location":null,"numPassingAsserts":1,"retryReasons":[],"startAt":1789369804546,"status":"passed","title":"rejects missing owner link from skills/econ-exercise-builder.md to docs/workflows/part-a-review.md"},{"ancestorTitles":["Part A exercise authoring source contract"],"duration":12,"failing":false,"failureDetails":[],"failureMessages":[],"fullName":"Part A exercise authoring source contract rejects missing owner link from skills/econ-paragraph-review.md to skills/economic-graph.md","invocations":1,"location":null,"numPassingAsserts":1,"retryReasons":[],"startAt":1789369804558,"status":"passed","title":"rejects missing owner link from skills/econ-paragraph-review.md to skills/economic-graph.md"},{"ancestorTitles":["Part A exercise authoring source contract"],"duration":14,"failing":false,"failureDetails":[],"failureMessages":[],"fullName":"Part A exercise authoring source contract rejects missing owner link from skills/econ-paragraph-review.md to docs/workflows/part-a-review.md","invocations":1,"location":null,"numPassingAsserts":1,"retryReasons":[],"startAt":1789369804570,"status":"passed","title":"rejects missing owner link from skills/econ-paragraph-review.md to docs/workflows/part-a-review.md"},{"ancestorTitles":["Part A exercise authoring source contract"],"duration":51,"failing":false,"failureDetails":[],"failureMessages":[],"fullName":"Part A exercise authoring source contract rejects wrong destinations, absent owners and stale/empty anchors","invocations":1,"location":null,"numPassingAsserts":7,"retryReasons":[],"startAt":1789369804585,"status":"passed","title":"rejects wrong destinations, absent owners and stale/empty anchors"},{"ancestorTitles":["Part A exercise authoring source contract"],"duration":60,"failing":false,"failureDetails":[],"failureMessages":[],"fullName":"Part A exercise authoring source contract rejects every forbidden printed help dependency and missing paper support","invocations":1,"location":null,"numPassingAsserts":8,"retryReasons":[],"startAt":1789369804636,"status":"passed","title":"rejects every forbidden printed help dependency and missing paper support"},{"ancestorTitles":["Part A exercise authoring source contract"],"duration":15,"failing":false,"failureDetails":[],"failureMessages":[],"fullName":"Part A exercise authoring source contract rejects Dutch printed digital dependency: Gebruik je telefoon voor de extra uitleg.","invocations":1,"location":null,"numPassingAsserts":2,"retryReasons":[],"startAt":1789369804696,"status":"passed","title":"rejects Dutch printed digital dependency: Gebruik je telefoon voor de extra uitleg."},{"ancestorTitles":["Part A exercise authoring source contract"],"duration":14,"failing":false,"failureDetails":[],"failureMessages":[],"fullName":"Part A exercise authoring source contract rejects Dutch printed digital dependency: Gebruik je smartphone voor de extra uitleg.","invocations":1,"location":null,"numPassingAsserts":2,"retryReasons":[],"startAt":1789369804711,"status":"passed","title":"rejects Dutch printed digital dependency: Gebruik je smartphone voor de extra uitleg."},{"ancestorTitles":["Part A exercise authoring source contract"],"duration":13,"failing":false,"failureDetails":[],"failureMessages":[],"fullName":"Part A exercise authoring source contract rejects Dutch printed digital dependency: Gebruik je computer voor de extra uitleg.","invocations":1,"location":null,"numPassingAsserts":2,"retryReasons":[],"startAt":1789369804725,"status":"passed","title":"rejects Dutch printed digital dependency: Gebruik je computer voor de extra uitleg."},{"ancestorTitles":["Part A exercise authoring source contract"],"duration":13,"failing":false,"failureDetails":[],"failureMessages":[],"fullName":"Part A exercise authoring source contract rejects Dutch printed digital dependency: Scan de QR-code om de stappen te bekijken.","invocations":1,"location":null,"numPassingAsserts":2,"retryReasons":[],"startAt":1789369804738,"status":"passed","title":"rejects Dutch printed digital dependency: Scan de QR-code om de stappen te bekijken."},{"ancestorTitles":["Part A exercise authoring source contract"],"duration":13,"failing":false,"failureDetails":[],"failureMessages":[],"fullName":"Part A exercise authoring source contract rejects Dutch printed digital dependency: Scan de code om de stappen te bekijken.","invocations":1,"location":null,"numPassingAsserts":2,"retryReasons":[],"startAt":1789369804752,"status":"passed","title":"rejects Dutch printed digital dependency: Scan de code om de stappen te bekijken."},{"ancestorTitles":["Part A exercise authoring source contract"],"duration":14,"failing":false,"failureDetails":[],"failureMessages":[],"fullName":"Part A exercise authoring source contract rejects Dutch printed digital dependency: Open de app voor hulp.","invocations":1,"location":null,"numPassingAsserts":2,"retryReasons":[],"startAt":1789369804765,"status":"passed","title":"rejects Dutch printed digital dependency: Open de app voor hulp."},{"ancestorTitles":["Part A exercise authoring source contract"],"duration":16,"failing":false,"failureDetails":[],"failureMessages":[],"fullName":"Part A exercise authoring source contract rejects Dutch printed digital dependency: Bekijk de digitale uitleg.","invocations":1,"location":null,"numPassingAsserts":2,"retryReasons":[],"startAt":1789369804779,"status":"passed","title":"rejects Dutch printed digital dependency: Bekijk de digitale uitleg."},{"ancestorTitles":["Part A exercise authoring source contract"],"duration":14,"failing":false,"failureDetails":[],"failureMessages":[],"fullName":"Part A exercise authoring source contract rejects Dutch printed digital dependency: Gebruik een digitaal hulpmiddel.","invocations":1,"location":null,"numPassingAsserts":2,"retryReasons":[],"startAt":1789369804796,"status":"passed","title":"rejects Dutch printed digital dependency: Gebruik een digitaal hulpmiddel."},{"ancestorTitles":["Part A exercise authoring source contract"],"duration":17,"failing":false,"failureDetails":[],"failureMessages":[],"fullName":"Part A exercise authoring source contract rejects Dutch printed digital dependency: Gebruik internet voor de stappen.","invocations":1,"location":null,"numPassingAsserts":2,"retryReasons":[],"startAt":1789369804810,"status":"passed","title":"rejects Dutch printed digital dependency: Gebruik internet voor de stappen."},{"ancestorTitles":["Part A exercise authoring source contract"],"duration":15,"failing":false,"failureDetails":[],"failureMessages":[],"fullName":"Part A exercise authoring source contract allows digital and architecture terms outside the printed template","invocations":1,"location":null,"numPassingAsserts":1,"retryReasons":[],"startAt":1789369804827,"status":"passed","title":"allows digital and architecture terms outside the printed template"},{"ancestorTitles":["Part A exercise authoring source contract"],"duration":23,"failing":false,"failureDetails":[],"failureMessages":[],"fullName":"Part A exercise authoring source contract rejects summary placement after section seven and summary-as-heading","invocations":1,"location":null,"numPassingAsserts":5,"retryReasons":[],"startAt":1789369804842,"status":"passed","title":"rejects summary placement after section seven and summary-as-heading"},{"ancestorTitles":["Part A exercise authoring source contract"],"duration":14,"failing":false,"failureDetails":[],"failureMessages":[],"fullName":"Part A exercise authoring source contract rejects removal of retrieval of prerequisites already taught","invocations":1,"location":null,"numPassingAsserts":2,"retryReasons":[],"startAt":1789369804865,"status":"passed","title":"rejects removal of retrieval of prerequisites already taught"},{"ancestorTitles":["Part A exercise authoring source contract"],"duration":12,"failing":false,"failureDetails":[],"failureMessages":[],"fullName":"Part A exercise authoring source contract rejects removal of compact check of\n   current-content comprehension","invocations":1,"location":null,"numPassingAsserts":2,"retryReasons":[],"startAt":1789369804879,"status":"passed","title":"rejects removal of compact check of\n   current-content comprehension"},{"ancestorTitles":["Part A exercise authoring source contract"],"duration":12,"failing":false,"failureDetails":[],"failureMessages":[],"fullName":"Part A exercise authoring source contract rejects removal of deliberately fades","invocations":1,"location":null,"numPassingAsserts":2,"retryReasons":[],"startAt":1789369804892,"status":"passed","title":"rejects removal of deliberately fades"},{"ancestorTitles":["Part A exercise authoring source contract"],"duration":13,"failing":false,"failureDetails":[],"failureMessages":[],"fullName":"Part A exercise authoring source contract rejects removal of introduces no\n   new theory","invocations":1,"location":null,"numPassingAsserts":2,"retryReasons":[],"startAt":1789369804904,"status":"passed","title":"rejects removal of introduces no\n   new theory"},{"ancestorTitles":["Part A exercise authoring source contract"],"duration":14,"failing":false,"failureDetails":[],"failureMessages":[],"fullName":"Part A exercise authoring source contract rejects removal of Book 1 output is frozen","invocations":1,"location":null,"numPassingAsserts":2,"retryReasons":[],"startAt":1789369804917,"status":"passed","title":"rejects removal of Book 1 output is frozen"},{"ancestorTitles":["Part A exercise authoring source contract"],"duration":27,"failing":false,"failureDetails":[],"failureMessages":[],"fullName":"Part A exercise authoring source contract rejects making guided practice mandatory and adding new closing theory","invocations":1,"location":null,"numPassingAsserts":4,"retryReasons":[],"startAt":1789369804931,"status":"passed","title":"rejects making guided practice mandatory and adding new closing theory"},{"ancestorTitles":["Part A exercise authoring source contract"],"duration":52,"failing":false,"failureDetails":[],"failureMessages":[],"fullName":"Part A exercise authoring source contract rejects contradictory omission and target-absent production permissions","invocations":1,"location":null,"numPassingAsserts":7,"retryReasons":[],"startAt":1789369804958,"status":"passed","title":"rejects contradictory omission and target-absent production permissions"},{"ancestorTitles":["Part A exercise authoring source contract"],"duration":13,"failing":false,"failureDetails":[],"failureMessages":[],"fullName":"Part A exercise authoring source contract rejects unconditional visual removal in skills/econ-exercise-builder.md","invocations":1,"location":null,"numPassingAsserts":2,"retryReasons":[],"startAt":1789369805010,"status":"passed","title":"rejects unconditional visual removal in skills/econ-exercise-builder.md"},{"ancestorTitles":["Part A exercise authoring source contract"],"duration":15,"failing":false,"failureDetails":[],"failureMessages":[],"fullName":"Part A exercise authoring source contract rejects unconditional visual removal in references/authored/didactiek-principes.md","invocations":1,"location":null,"numPassingAsserts":2,"retryReasons":[],"startAt":1789369805023,"status":"passed","title":"rejects unconditional visual removal in references/authored/didactiek-principes.md"},{"ancestorTitles":["Part A exercise authoring source contract"],"duration":14,"failing":false,"failureDetails":[],"failureMessages":[],"fullName":"Part A exercise authoring source contract rejects unconditional visual removal in references/authored/vraagtypen-en-opgaveontwerp.md","invocations":1,"location":null,"numPassingAsserts":2,"retryReasons":[],"startAt":1789369805039,"status":"passed","title":"rejects unconditional visual removal in references/authored/vraagtypen-en-opgaveontwerp.md"},{"ancestorTitles":["Part A exercise authoring source contract"],"duration":13,"failing":false,"failureDetails":[],"failureMessages":[],"fullName":"Part A exercise authoring source contract rejects unconditional visual removal in skills/econ-didactiek.md","invocations":1,"location":null,"numPassingAsserts":2,"retryReasons":[],"startAt":1789369805054,"status":"passed","title":"rejects unconditional visual removal in skills/econ-didactiek.md"},{"ancestorTitles":["Part A exercise authoring source contract"],"duration":13,"failing":false,"failureDetails":[],"failureMessages":[],"fullName":"Part A exercise authoring source contract rejects unconditional visual removal in skills/econ-textbook-paragraph.md","invocations":1,"location":null,"numPassingAsserts":2,"retryReasons":[],"startAt":1789369805067,"status":"passed","title":"rejects unconditional visual removal in skills/econ-textbook-paragraph.md"},{"ancestorTitles":["Part A exercise authoring source contract"],"duration":42,"failing":false,"failureDetails":[],"failureMessages":[],"fullName":"Part A exercise authoring source contract rejects removal of route, neutral skip wording, and flexibility semantics","invocations":1,"location":null,"numPassingAsserts":6,"retryReasons":[],"startAt":1789369805080,"status":"passed","title":"rejects removal of route, neutral skip wording, and flexibility semantics"},{"ancestorTitles":["Part A exercise authoring source contract"],"duration":25,"failing":false,"failureDetails":[],"failureMessages":[],"fullName":"Part A exercise authoring source contract rejects fake or stale lesson-time proof","invocations":1,"location":null,"numPassingAsserts":3,"retryReasons":[],"startAt":1789369805122,"status":"passed","title":"rejects fake or stale lesson-time proof"},{"ancestorTitles":["Part A exercise authoring source contract"],"duration":29,"failing":false,"failureDetails":[],"failureMessages":[],"fullName":"Part A exercise authoring source contract rejects review severity downgrade and a weakened owner rule","invocations":1,"location":null,"numPassingAsserts":4,"retryReasons":[],"startAt":1789369805148,"status":"passed","title":"rejects review severity downgrade and a weakened owner rule"},{"ancestorTitles":["Part A exercise authoring source contract"],"duration":15,"failing":false,"failureDetails":[],"failureMessages":[],"fullName":"Part A exercise authoring source contract rejects removal of bounded clarification prerequisite-retrieval task is\n   normally 3–5 minutes","invocations":1,"location":null,"numPassingAsserts":2,"retryReasons":[],"startAt":1789369805177,"status":"passed","title":"rejects removal of bounded clarification prerequisite-retrieval task is\n   normally 3–5 minutes"},{"ancestorTitles":["Part A exercise authoring source contract"],"duration":16,"failing":false,"failureDetails":[],"failureMessages":[],"fullName":"Part A exercise authoring source contract rejects removal of bounded clarification teacher may assign that printed retrieval task at\n   the beginning of the lesson","invocations":1,"location":null,"numPassingAsserts":2,"retryReasons":[],"startAt":1789369805192,"status":"passed","title":"rejects removal of bounded clarification teacher may assign that printed retrieval task at\n   the beginning of the lesson"},{"ancestorTitles":["Part A exercise authoring source contract"],"duration":15,"failing":false,"failureDetails":[],"failureMessages":[],"fullName":"Part A exercise authoring source contract rejects removal of bounded clarification may not expand into adjacent\n   content or hide enrichment inside the core route","invocations":1,"location":null,"numPassingAsserts":2,"retryReasons":[],"startAt":1789369805208,"status":"passed","title":"rejects removal of bounded clarification may not expand into adjacent\n   content or hide enrichment inside the core route"},{"ancestorTitles":["Part A exercise authoring source contract"],"duration":13,"failing":false,"failureDetails":[],"failureMessages":[],"fullName":"Part A exercise authoring source contract rejects removal of bounded clarification Light\n   adaptation is allowed only where the blueprint or responsible owner\n   authorizes it","invocations":1,"location":null,"numPassingAsserts":2,"retryReasons":[],"startAt":1789369805223,"status":"passed","title":"rejects removal of bounded clarification Light\n   adaptation is allowed only where the blueprint or responsible owner\n   authorizes it"},{"ancestorTitles":["Part A exercise authoring source contract"],"duration":25,"failing":false,"failureDetails":[],"failureMessages":[],"fullName":"Part A exercise authoring source contract rejects legacy terminology and lesson-output scope expansion","invocations":1,"location":null,"numPassingAsserts":2,"retryReasons":[],"startAt":1789369805236,"status":"passed","title":"rejects legacy terminology and lesson-output scope expansion"},{"ancestorTitles":["Part A exercise authoring source contract"],"duration":12,"failing":false,"failureDetails":[],"failureMessages":[],"fullName":"Part A exercise authoring source contract rejects Part B route wording without an explicit boundary","invocations":1,"location":null,"numPassingAsserts":1,"retryReasons":[],"startAt":1789369805261,"status":"passed","title":"rejects Part B route wording without an explicit boundary"},{"ancestorTitles":["Part A exercise authoring source contract"],"duration":28,"failing":false,"failureDetails":[],"failureMessages":[],"fullName":"Part A exercise authoring source contract rejects missing CI and navigation wiring","invocations":1,"location":null,"numPassingAsserts":4,"retryReasons":[],"startAt":1789369805273,"status":"passed","title":"rejects missing CI and navigation wiring"}],"endTime":1789369805303,"message":"","name":"C:\\wt\\reorganize 2\\cleanup-20260914\\4veco-platform\\build-scripts\\workflows\\check-part-a-exercise-authoring-contract.test.js","startTime":1789369800795,"status":"passed","summary":""},{"assertionResults":[{"ancestorTitles":["check-paragraph-workflow-wording"],"duration":86,"failing":false,"failureDetails":[{"matcherResult":{"actual":{"ok":false,"files_checked":16,"failures":["AGENTS.md: linked file missing: https://github.com/meijer1973/4veco-lessen/blob/main/specifications/companion-core-specifications.md","AGENTS.md: linked file missing: https://github.com/meijer1973/4veco-lessen/blob/main/specifications/product-vision.md","AGENTS.md: linked file missing: https://github.com/meijer1973/4veco-lessen/blob/main/specifications/product-end-state.md","RESEARCH_AGENT_MAP.md: linked file missing: https://github.com/meijer1973/4veco-lessen/blob/main/specifications/product-vision.md","RESEARCH_AGENT_MAP.md: linked file missing: https://github.com/meijer1973/4veco-lessen/blob/main/specifications/product-end-state.md","RESEARCH_AGENT_MAP.md: linked file missing: https://github.com/meijer1973/4veco-lessen/blob/main/specifications/companion-core-specifications.md","RESEARCH_AGENT_MAP.md: linked file missing: https://github.com/meijer1973/4veco-lessen/blob/main/RESEARCH_AGENT_MAP.md","AGENT_GITHUB_ENTRY.md: linked file missing: https://github.com/meijer1973/4veco-lessen/blob/main/RESEARCH_AGENT_MAP.md"]},"expected":{"ok":true,"files_checked":16,"failures":[]},"message":"expect(received).toEqual(expected) // deep equality\n\n- Expected  -  2\n+ Received  + 11\n\n  Object {\n-   \"failures\": Array [],\n+   \"failures\": Array [\n+     \"AGENTS.md: linked file missing: https://github.com/meijer1973/4veco-lessen/blob/main/specifications/companion-core-specifications.md\",\n+     \"AGENTS.md: linked file missing: https://github.com/meijer1973/4veco-lessen/blob/main/specifications/product-vision.md\",\n+     \"AGENTS.md: linked file missing: https://github.com/meijer1973/4veco-lessen/blob/main/specifications/product-end-state.md\",\n+     \"RESEARCH_AGENT_MAP.md: linked file missing: https://github.com/meijer1973/4veco-lessen/blob/main/specifications/product-vision.md\",\n+     \"RESEARCH_AGENT_MAP.md: linked file missing: https://github.com/meijer1973/4veco-lessen/blob/main/specifications/product-end-state.md\",\n+     \"RESEARCH_AGENT_MAP.md: linked file missing: https://github.com/meijer1973/4veco-lessen/blob/main/specifications/companion-core-specifications.md\",\n+     \"RESEARCH_AGENT_MAP.md: linked file missing: https://github.com/meijer1973/4veco-lessen/blob/main/RESEARCH_AGENT_MAP.md\",\n+     \"AGENT_GITHUB_ENTRY.md: linked file missing: https://github.com/meijer1973/4veco-lessen/blob/main/RESEARCH_AGENT_MAP.md\",\n+   ],\n    \"files_checked\": 16,\n-   \"ok\": true,\n+   \"ok\": false,\n  }","name":"toEqual","pass":false}}],"failureMessages":["Error: expect(received).toEqual(expected) // deep equality\n\n- Expected  -  2\n+ Received  + 11\n\n  Object {\n-   \"failures\": Array [],\n+   \"failures\": Array [\n+     \"AGENTS.md: linked file missing: https://github.com/meijer1973/4veco-lessen/blob/main/specifications/companion-core-specifications.md\",\n+     \"AGENTS.md: linked file missing: https://github.com/meijer1973/4veco-lessen/blob/main/specifications/product-vision.md\",\n+     \"AGENTS.md: linked file missing: https://github.com/meijer1973/4veco-lessen/blob/main/specifications/product-end-state.md\",\n+     \"RESEARCH_AGENT_MAP.md: linked file missing: https://github.com/meijer1973/4veco-lessen/blob/main/specifications/product-vision.md\",\n+     \"RESEARCH_AGENT_MAP.md: linked file missing: https://github.com/meijer1973/4veco-lessen/blob/main/specifications/product-end-state.md\",\n+     \"RESEARCH_AGENT_MAP.md: linked file missing: https://github.com/meijer1973/4veco-lessen/blob/main/specifications/companion-core-specifications.md\",\n+     \"RESEARCH_AGENT_MAP.md: linked file missing: https://github.com/meijer1973/4veco-lessen/blob/main/RESEARCH_AGENT_MAP.md\",\n+     \"AGENT_GITHUB_ENTRY.md: linked file missing: https://github.com/meijer1973/4veco-lessen/blob/main/RESEARCH_AGENT_MAP.md\",\n+   ],\n    \"files_checked\": 16,\n-   \"ok\": true,\n+   \"ok\": false,\n  }\n    at Object.toEqual (C:\\wt\\reorganize 2\\cleanup-20260914\\4veco-platform\\build-scripts\\workflows\\check-paragraph-workflow-wording.test.js:90:45)\n    at Promise.finally.completed (C:\\wt\\reorganize 2\\skill-consolidation-20260912\\4veco-platform\\node_modules\\jest-circus\\build\\jestAdapterInit.js:1557:28)\n    at new Promise (<anonymous>)\n    at callAsyncCircusFn (C:\\wt\\reorganize 2\\skill-consolidation-20260912\\4veco-platform\\node_modules\\jest-circus\\build\\jestAdapterInit.js:1497:10)\n    at _callCircusTest (C:\\wt\\reorganize 2\\skill-consolidation-20260912\\4veco-platform\\node_modules\\jest-circus\\build\\jestAdapterInit.js:1007:40)\n    at _runTest (C:\\wt\\reorganize 2\\skill-consolidation-20260912\\4veco-platform\\node_modules\\jest-circus\\build\\jestAdapterInit.js:947:3)\n    at C:\\wt\\reorganize 2\\skill-consolidation-20260912\\4veco-platform\\node_modules\\jest-circus\\build\\jestAdapterInit.js:849:7\n    at _runTestsForDescribeBlock (C:\\wt\\reorganize 2\\skill-consolidation-20260912\\4veco-platform\\node_modules\\jest-circus\\build\\jestAdapterInit.js:862:11)\n    at _runTestsForDescribeBlock (C:\\wt\\reorganize 2\\skill-consolidation-20260912\\4veco-platform\\node_modules\\jest-circus\\build\\jestAdapterInit.js:857:11)\n    at run (C:\\wt\\reorganize 2\\skill-consolidation-20260912\\4veco-platform\\node_modules\\jest-circus\\build\\jestAdapterInit.js:761:3)\n    at runAndTransformResultsToJestFormat (C:\\wt\\reorganize 2\\skill-consolidation-20260912\\4veco-platform\\node_modules\\jest-circus\\build\\jestAdapterInit.js:1918:21)\n    at jestAdapter (C:\\wt\\reorganize 2\\skill-consolidation-20260912\\4veco-platform\\node_modules\\jest-circus\\build\\runner.js:101:19)\n    at runTestInternal (C:\\wt\\reorganize 2\\skill-consolidation-20260912\\4veco-platform\\node_modules\\jest-runner\\build\\index.js:275:16)\n    at runTest (C:\\wt\\reorganize 2\\skill-consolidation-20260912\\4veco-platform\\node_modules\\jest-runner\\build\\index.js:343:7)"],"fullName":"check-paragraph-workflow-wording active workflow surfaces preserve the two-lane and full-route contract","invocations":1,"location":null,"numPassingAsserts":0,"retryReasons":[],"startAt":1789369805392,"status":"failed","title":"active workflow surfaces preserve the two-lane and full-route contract"},{"ancestorTitles":["check-paragraph-workflow-wording"],"duration":1,"failing":false,"failureDetails":[],"failureMessages":[],"fullName":"check-paragraph-workflow-wording entry links resolve in both repositories, including the nested skill and local path instructions","invocations":1,"location":null,"numPassingAsserts":1,"retryReasons":[],"startAt":1789369805487,"status":"passed","title":"entry links resolve in both repositories, including the nested skill and local path instructions"},{"ancestorTitles":["check-paragraph-workflow-wording"],"duration":0,"failing":false,"failureDetails":[],"failureMessages":[],"fullName":"check-paragraph-workflow-wording rejects broken entry navigation in RESEARCH_AGENT_MAP.md: [contract](missing.md)","invocations":1,"location":null,"numPassingAsserts":1,"retryReasons":[],"startAt":1789369805488,"status":"passed","title":"rejects broken entry navigation in RESEARCH_AGENT_MAP.md: [contract](missing.md)"},{"ancestorTitles":["check-paragraph-workflow-wording"],"duration":1,"failing":false,"failureDetails":[],"failureMessages":[],"fullName":"check-paragraph-workflow-wording rejects broken entry navigation in RESEARCH_AGENT_MAP.md: [guide](AGENTS.md#removed)","invocations":1,"location":null,"numPassingAsserts":1,"retryReasons":[],"startAt":1789369805488,"status":"passed","title":"rejects broken entry navigation in RESEARCH_AGENT_MAP.md: [guide](AGENTS.md#removed)"},{"ancestorTitles":["check-paragraph-workflow-wording"],"duration":0,"failing":false,"failureDetails":[],"failureMessages":[],"fullName":"check-paragraph-workflow-wording rejects broken entry navigation in AGENT_GITHUB_ENTRY.md: [raw](https://raw.githubusercontent.com/meijer1973/4veco-platform/main/missing.md)","invocations":1,"location":null,"numPassingAsserts":1,"retryReasons":[],"startAt":1789369805489,"status":"passed","title":"rejects broken entry navigation in AGENT_GITHUB_ENTRY.md: [raw](https://raw.githubusercontent.com/meijer1973/4veco-platform/main/missing.md)"},{"ancestorTitles":["check-paragraph-workflow-wording"],"duration":0,"failing":false,"failureDetails":[],"failureMessages":[],"fullName":"check-paragraph-workflow-wording rejects broken entry navigation in ../4veco-lessen/RESEARCH_AGENT_PROMPT.md: [guide](../4veco-platform/AGENTS.md)","invocations":1,"location":null,"numPassingAsserts":1,"retryReasons":[],"startAt":1789369805489,"status":"passed","title":"rejects broken entry navigation in ../4veco-lessen/RESEARCH_AGENT_PROMPT.md: [guide](../4veco-platform/AGENTS.md)"},{"ancestorTitles":["check-paragraph-workflow-wording"],"duration":0,"failing":false,"failureDetails":[],"failureMessages":[],"fullName":"check-paragraph-workflow-wording rejects broken entry navigation in docs/workflows/part-a-start.md: [review](missing.md)","invocations":1,"location":null,"numPassingAsserts":1,"retryReasons":[],"startAt":1789369805489,"status":"passed","title":"rejects broken entry navigation in docs/workflows/part-a-start.md: [review](missing.md)"},{"ancestorTitles":["check-paragraph-workflow-wording"],"duration":1,"failing":false,"failureDetails":[],"failureMessages":[],"fullName":"check-paragraph-workflow-wording rejects broken entry navigation in docs/workflows/part-a-start.md: [review](../../AGENTS.md#obsolete)","invocations":1,"location":null,"numPassingAsserts":1,"retryReasons":[],"startAt":1789369805489,"status":"passed","title":"rejects broken entry navigation in docs/workflows/part-a-start.md: [review](../../AGENTS.md#obsolete)"},{"ancestorTitles":["check-paragraph-workflow-wording"],"duration":0,"failing":false,"failureDetails":[],"failureMessages":[],"fullName":"check-paragraph-workflow-wording rejects broken entry navigation in AGENTS.md: [spec](../4veco-lessen/specifications/product-vision.md)","invocations":1,"location":null,"numPassingAsserts":1,"retryReasons":[],"startAt":1789369805490,"status":"passed","title":"rejects broken entry navigation in AGENTS.md: [spec](../4veco-lessen/specifications/product-vision.md)"},{"ancestorTitles":["check-paragraph-workflow-wording"],"duration":0,"failing":false,"failureDetails":[],"failureMessages":[],"fullName":"check-paragraph-workflow-wording rejects broken entry navigation in ../4veco-lessen/AGENTS.md: [guide](../4veco-platform/AGENTS.md)","invocations":1,"location":null,"numPassingAsserts":1,"retryReasons":[],"startAt":1789369805490,"status":"passed","title":"rejects broken entry navigation in ../4veco-lessen/AGENTS.md: [guide](../4veco-platform/AGENTS.md)"},{"ancestorTitles":["check-paragraph-workflow-wording"],"duration":0,"failing":false,"failureDetails":[],"failureMessages":[],"fullName":"check-paragraph-workflow-wording rejects broken entry navigation in ../4veco-lessen/AGENTS.md: null","invocations":1,"location":null,"numPassingAsserts":1,"retryReasons":[],"startAt":1789369805490,"status":"passed","title":"rejects broken entry navigation in ../4veco-lessen/AGENTS.md: null"},{"ancestorTitles":["check-paragraph-workflow-wording"],"duration":0,"failing":false,"failureDetails":[],"failureMessages":[],"fullName":"check-paragraph-workflow-wording rejects broken entry navigation in AGENTS.md: [spec](https://github.com/wrong-owner/4veco-lessen/blob/main/specifications/product-vision.md)","invocations":1,"location":null,"numPassingAsserts":1,"retryReasons":[],"startAt":1789369805490,"status":"passed","title":"rejects broken entry navigation in AGENTS.md: [spec](https://github.com/wrong-owner/4veco-lessen/blob/main/specifications/product-vision.md)"},{"ancestorTitles":["check-paragraph-workflow-wording"],"duration":1,"failing":false,"failureDetails":[],"failureMessages":[],"fullName":"check-paragraph-workflow-wording rejects broken entry navigation in AGENTS.md: [spec](https://github.com/meijer1973/4veco-lessen/blob/main/specifications/missing.md)","invocations":1,"location":null,"numPassingAsserts":1,"retryReasons":[],"startAt":1789369805490,"status":"passed","title":"rejects broken entry navigation in AGENTS.md: [spec](https://github.com/meijer1973/4veco-lessen/blob/main/specifications/missing.md)"},{"ancestorTitles":["check-paragraph-workflow-wording"],"duration":0,"failing":false,"failureDetails":[],"failureMessages":[],"fullName":"check-paragraph-workflow-wording rejects broken entry navigation in BUILD-PARAGRAPH.md: [Design Principles](AGENTS.md#design-principles)","invocations":1,"location":null,"numPassingAsserts":1,"retryReasons":[],"startAt":1789369805491,"status":"passed","title":"rejects broken entry navigation in BUILD-PARAGRAPH.md: [Design Principles](AGENTS.md#design-principles)"},{"ancestorTitles":["check-paragraph-workflow-wording"],"duration":0,"failing":false,"failureDetails":[],"failureMessages":[],"fullName":"check-paragraph-workflow-wording rejects broken entry navigation in BUILD-PARAGRAPH.md: [quality](AGENTS.md#)","invocations":1,"location":null,"numPassingAsserts":1,"retryReasons":[],"startAt":1789369805491,"status":"passed","title":"rejects broken entry navigation in BUILD-PARAGRAPH.md: [quality](AGENTS.md#)"},{"ancestorTitles":["check-paragraph-workflow-wording"],"duration":0,"failing":false,"failureDetails":[],"failureMessages":[],"fullName":"check-paragraph-workflow-wording rejects broken entry navigation in skills/econ-chapter-builder.md: [quality](../AGENTS.md#)","invocations":1,"location":null,"numPassingAsserts":1,"retryReasons":[],"startAt":1789369805491,"status":"passed","title":"rejects broken entry navigation in skills/econ-chapter-builder.md: [quality](../AGENTS.md#)"},{"ancestorTitles":["check-paragraph-workflow-wording"],"duration":0,"failing":false,"failureDetails":[],"failureMessages":[],"fullName":"check-paragraph-workflow-wording rejects broken entry navigation in skills/econ-chapter-builder.md: [Design Principles](../AGENTS.md#design-principles)","invocations":1,"location":null,"numPassingAsserts":1,"retryReasons":[],"startAt":1789369805491,"status":"passed","title":"rejects broken entry navigation in skills/econ-chapter-builder.md: [Design Principles](../AGENTS.md#design-principles)"},{"ancestorTitles":["check-paragraph-workflow-wording"],"duration":0,"failing":false,"failureDetails":[],"failureMessages":[],"fullName":"check-paragraph-workflow-wording rejects broken entry navigation in skills/econ-chapter-builder.md: see AGENTS.md, Design Principles section","invocations":1,"location":null,"numPassingAsserts":1,"retryReasons":[],"startAt":1789369805491,"status":"passed","title":"rejects broken entry navigation in skills/econ-chapter-builder.md: see AGENTS.md, Design Principles section"},{"ancestorTitles":["check-paragraph-workflow-wording"],"duration":1,"failing":false,"failureDetails":[],"failureMessages":[],"fullName":"check-paragraph-workflow-wording lookup access can link raw files and external repository/site entry URLs","invocations":1,"location":null,"numPassingAsserts":1,"retryReasons":[],"startAt":1789369805491,"status":"passed","title":"lookup access can link raw files and external repository/site entry URLs"},{"ancestorTitles":["check-paragraph-workflow-wording"],"duration":1,"failing":false,"failureDetails":[],"failureMessages":[],"fullName":"check-paragraph-workflow-wording default platform validation permits the older lesson entry used by platform-first CI","invocations":1,"location":null,"numPassingAsserts":1,"retryReasons":[],"startAt":1789369805492,"status":"passed","title":"default platform validation permits the older lesson entry used by platform-first CI"},{"ancestorTitles":["check-paragraph-workflow-wording"],"duration":0,"failing":false,"failureDetails":[],"failureMessages":[],"fullName":"check-paragraph-workflow-wording entry fragments follow heading slugs, duplicate suffixes and explicit compatibility anchors","invocations":1,"location":null,"numPassingAsserts":1,"retryReasons":[],"startAt":1789369805493,"status":"passed","title":"entry fragments follow heading slugs, duplicate suffixes and explicit compatibility anchors"},{"ancestorTitles":["check-paragraph-workflow-wording"],"duration":18,"failing":false,"failureDetails":[],"failureMessages":[],"fullName":"check-paragraph-workflow-wording fails when the navigation destination is omitted: research contract link: build-scripts/workflows/check-part-a-pdf-readiness.js","invocations":1,"location":null,"numPassingAsserts":1,"retryReasons":[],"startAt":1789369805493,"status":"passed","title":"fails when the navigation destination is omitted: research contract link: build-scripts/workflows/check-part-a-pdf-readiness.js"},{"ancestorTitles":["check-paragraph-workflow-wording"],"duration":12,"failing":false,"failureDetails":[],"failureMessages":[],"fullName":"check-paragraph-workflow-wording fails when the navigation destination is omitted: URL-index source: build-scripts/workflows/check-part-a-pdf-readiness.js","invocations":1,"location":null,"numPassingAsserts":1,"retryReasons":[],"startAt":1789369805511,"status":"passed","title":"fails when the navigation destination is omitted: URL-index source: build-scripts/workflows/check-part-a-pdf-readiness.js"},{"ancestorTitles":["check-paragraph-workflow-wording"],"duration":14,"failing":false,"failureDetails":[],"failureMessages":[],"fullName":"check-paragraph-workflow-wording fails when the navigation destination is omitted: generated URL index: build-scripts/workflows/check-part-a-pdf-readiness.js","invocations":1,"location":null,"numPassingAsserts":1,"retryReasons":[],"startAt":1789369805523,"status":"passed","title":"fails when the navigation destination is omitted: generated URL index: build-scripts/workflows/check-part-a-pdf-readiness.js"},{"ancestorTitles":["check-paragraph-workflow-wording"],"duration":14,"failing":false,"failureDetails":[],"failureMessages":[],"fullName":"check-paragraph-workflow-wording fails when the navigation destination is omitted: research contract link: build-scripts/workflows/check-paragraph-workflow-wording.js","invocations":1,"location":null,"numPassingAsserts":1,"retryReasons":[],"startAt":1789369805538,"status":"passed","title":"fails when the navigation destination is omitted: research contract link: build-scripts/workflows/check-paragraph-workflow-wording.js"},{"ancestorTitles":["check-paragraph-workflow-wording"],"duration":12,"failing":false,"failureDetails":[],"failureMessages":[],"fullName":"check-paragraph-workflow-wording fails when the navigation destination is omitted: URL-index source: build-scripts/workflows/check-paragraph-workflow-wording.js","invocations":1,"location":null,"numPassingAsserts":1,"retryReasons":[],"startAt":1789369805553,"status":"passed","title":"fails when the navigation destination is omitted: URL-index source: build-scripts/workflows/check-paragraph-workflow-wording.js"},{"ancestorTitles":["check-paragraph-workflow-wording"],"duration":13,"failing":false,"failureDetails":[],"failureMessages":[],"fullName":"check-paragraph-workflow-wording fails when the navigation destination is omitted: generated URL index: build-scripts/workflows/check-paragraph-workflow-wording.js","invocations":1,"location":null,"numPassingAsserts":1,"retryReasons":[],"startAt":1789369805565,"status":"passed","title":"fails when the navigation destination is omitted: generated URL index: build-scripts/workflows/check-paragraph-workflow-wording.js"},{"ancestorTitles":["check-paragraph-workflow-wording"],"duration":14,"failing":false,"failureDetails":[],"failureMessages":[],"fullName":"check-paragraph-workflow-wording fails when the navigation destination is omitted: research contract link: docs/workflows/legacy-full-companion-profile.md","invocations":1,"location":null,"numPassingAsserts":1,"retryReasons":[],"startAt":1789369805578,"status":"passed","title":"fails when the navigation destination is omitted: research contract link: docs/workflows/legacy-full-companion-profile.md"},{"ancestorTitles":["check-paragraph-workflow-wording"],"duration":13,"failing":false,"failureDetails":[],"failureMessages":[],"fullName":"check-paragraph-workflow-wording fails when the navigation destination is omitted: URL-index source: docs/workflows/legacy-full-companion-profile.md","invocations":1,"location":null,"numPassingAsserts":1,"retryReasons":[],"startAt":1789369805592,"status":"passed","title":"fails when the navigation destination is omitted: URL-index source: docs/workflows/legacy-full-companion-profile.md"},{"ancestorTitles":["check-paragraph-workflow-wording"],"duration":12,"failing":false,"failureDetails":[],"failureMessages":[],"fullName":"check-paragraph-workflow-wording fails when the navigation destination is omitted: generated URL index: docs/workflows/legacy-full-companion-profile.md","invocations":1,"location":null,"numPassingAsserts":1,"retryReasons":[],"startAt":1789369805605,"status":"passed","title":"fails when the navigation destination is omitted: generated URL index: docs/workflows/legacy-full-companion-profile.md"},{"ancestorTitles":["check-paragraph-workflow-wording"],"duration":15,"failing":false,"failureDetails":[],"failureMessages":[],"fullName":"check-paragraph-workflow-wording fails when the navigation destination is omitted: research contract link: scripts/lib/paragraph-types.js","invocations":1,"location":null,"numPassingAsserts":1,"retryReasons":[],"startAt":1789369805617,"status":"passed","title":"fails when the navigation destination is omitted: research contract link: scripts/lib/paragraph-types.js"},{"ancestorTitles":["check-paragraph-workflow-wording"],"duration":13,"failing":false,"failureDetails":[],"failureMessages":[],"fullName":"check-paragraph-workflow-wording fails when the navigation destination is omitted: URL-index source: scripts/lib/paragraph-types.js","invocations":1,"location":null,"numPassingAsserts":1,"retryReasons":[],"startAt":1789369805632,"status":"passed","title":"fails when the navigation destination is omitted: URL-index source: scripts/lib/paragraph-types.js"},{"ancestorTitles":["check-paragraph-workflow-wording"],"duration":13,"failing":false,"failureDetails":[],"failureMessages":[],"fullName":"check-paragraph-workflow-wording fails when the navigation destination is omitted: generated URL index: scripts/lib/paragraph-types.js","invocations":1,"location":null,"numPassingAsserts":1,"retryReasons":[],"startAt":1789369805645,"status":"passed","title":"fails when the navigation destination is omitted: generated URL index: scripts/lib/paragraph-types.js"},{"ancestorTitles":["check-paragraph-workflow-wording"],"duration":15,"failing":false,"failureDetails":[],"failureMessages":[],"fullName":"check-paragraph-workflow-wording fails when the navigation destination is omitted: legacy profile Markdown link: BUILD-PARAGRAPH.md","invocations":1,"location":null,"numPassingAsserts":1,"retryReasons":[],"startAt":1789369805658,"status":"passed","title":"fails when the navigation destination is omitted: legacy profile Markdown link: BUILD-PARAGRAPH.md"},{"ancestorTitles":["check-paragraph-workflow-wording"],"duration":15,"failing":false,"failureDetails":[],"failureMessages":[],"fullName":"check-paragraph-workflow-wording fails when the navigation destination is omitted: legacy profile Markdown link: build-scripts/README.md","invocations":1,"location":null,"numPassingAsserts":1,"retryReasons":[],"startAt":1789369805673,"status":"passed","title":"fails when the navigation destination is omitted: legacy profile Markdown link: build-scripts/README.md"},{"ancestorTitles":["check-paragraph-workflow-wording"],"duration":17,"failing":false,"failureDetails":[],"failureMessages":[],"fullName":"check-paragraph-workflow-wording fails when the navigation destination is omitted: legacy profile Markdown link: docs/workflows/web-companion-paragraph-lane.md","invocations":1,"location":null,"numPassingAsserts":1,"retryReasons":[],"startAt":1789369805688,"status":"passed","title":"fails when the navigation destination is omitted: legacy profile Markdown link: docs/workflows/web-companion-paragraph-lane.md"},{"ancestorTitles":["check-paragraph-workflow-wording"],"duration":21,"failing":false,"failureDetails":[],"failureMessages":[],"fullName":"check-paragraph-workflow-wording fails when the navigation destination is omitted: legacy profile Markdown link: docs/workflows/paragraph-lane-vocabulary.md","invocations":1,"location":null,"numPassingAsserts":1,"retryReasons":[],"startAt":1789369805705,"status":"passed","title":"fails when the navigation destination is omitted: legacy profile Markdown link: docs/workflows/paragraph-lane-vocabulary.md"},{"ancestorTitles":["check-paragraph-workflow-wording"],"duration":14,"failing":false,"failureDetails":[],"failureMessages":[],"fullName":"check-paragraph-workflow-wording remote entry keeps the map discoverable without repeating its contracts","invocations":1,"location":null,"numPassingAsserts":2,"retryReasons":[],"startAt":1789369805726,"status":"passed","title":"remote entry keeps the map discoverable without repeating its contracts"},{"ancestorTitles":["check-paragraph-workflow-wording"],"duration":1,"failing":false,"failureDetails":[],"failureMessages":[],"fullName":"check-paragraph-workflow-wording flags stale publisher-only PDF wording","invocations":1,"location":null,"numPassingAsserts":2,"retryReasons":[],"startAt":1789369805740,"status":"passed","title":"flags stale publisher-only PDF wording"},{"ancestorTitles":["check-paragraph-workflow-wording"],"duration":0,"failing":false,"failureDetails":[],"failureMessages":[],"fullName":"check-paragraph-workflow-wording flags a missing baseline-versus-product distinction","invocations":1,"location":null,"numPassingAsserts":2,"retryReasons":[],"startAt":1789369805741,"status":"passed","title":"flags a missing baseline-versus-product distinction"}],"endTime":1789369805755,"message":"  ● check-paragraph-workflow-wording › active workflow surfaces preserve the two-lane and full-route contract\n\n    expect(received).toEqual(expected) // deep equality\n\n    - Expected  -  2\n    + Received  + 11\n\n      Object {\n    -   \"failures\": Array [],\n    +   \"failures\": Array [\n    +     \"AGENTS.md: linked file missing: https://github.com/meijer1973/4veco-lessen/blob/main/specifications/companion-core-specifications.md\",\n    +     \"AGENTS.md: linked file missing: https://github.com/meijer1973/4veco-lessen/blob/main/specifications/product-vision.md\",\n    +     \"AGENTS.md: linked file missing: https://github.com/meijer1973/4veco-lessen/blob/main/specifications/product-end-state.md\",\n    +     \"RESEARCH_AGENT_MAP.md: linked file missing: https://github.com/meijer1973/4veco-lessen/blob/main/specifications/product-vision.md\",\n    +     \"RESEARCH_AGENT_MAP.md: linked file missing: https://github.com/meijer1973/4veco-lessen/blob/main/specifications/product-end-state.md\",\n    +     \"RESEARCH_AGENT_MAP.md: linked file missing: https://github.com/meijer1973/4veco-lessen/blob/main/specifications/companion-core-specifications.md\",\n    +     \"RESEARCH_AGENT_MAP.md: linked file missing: https://github.com/meijer1973/4veco-lessen/blob/main/RESEARCH_AGENT_MAP.md\",\n    +     \"AGENT_GITHUB_ENTRY.md: linked file missing: https://github.com/meijer1973/4veco-lessen/blob/main/RESEARCH_AGENT_MAP.md\",\n    +   ],\n        \"files_checked\": 16,\n    -   \"ok\": true,\n    +   \"ok\": false,\n      }\n\n      88 | describe('check-paragraph-workflow-wording', () => {\n      89 |   test('active workflow surfaces preserve the two-lane and full-route contract', () => {\n    > 90 |     expect(checkParagraphWorkflowWording()).toEqual({\n         |                                             ^\n      91 |       ok: true,\n      92 |       files_checked: 16,\n      93 |       failures: [],\n\n      at Object.toEqual (build-scripts/workflows/check-paragraph-workflow-wording.test.js:90:45)\n","name":"C:\\wt\\reorganize 2\\cleanup-20260914\\4veco-platform\\build-scripts\\workflows\\check-paragraph-workflow-wording.test.js","startTime":1789369805311,"status":"failed","summary":""}],"wasInterrupted":false}
