{"numFailedTestSuites":0,"numFailedTests":0,"numPassedTestSuites":1,"numPassedTests":40,"numPendingTestSuites":0,"numPendingTests":0,"numRuntimeErrorTestSuites":0,"numTodoTests":0,"numTotalTestSuites":1,"numTotalTests":40,"openHandles":[],"snapshot":{"added":0,"didUpdate":false,"failure":false,"filesAdded":0,"filesRemoved":0,"filesRemovedList":[],"filesUnmatched":0,"filesUpdated":0,"matched":0,"total":0,"unchecked":0,"uncheckedKeysByFile":[],"unmatched":0,"updated":0},"startTime":1789369978972,"success":true,"testResults":[{"assertionResults":[{"ancestorTitles":["check-paragraph-workflow-wording"],"duration":62,"failing":false,"failureDetails":[],"failureMessages":[],"fullName":"check-paragraph-workflow-wording active workflow surfaces preserve the two-lane and full-route contract","invocations":1,"location":null,"numPassingAsserts":1,"retryReasons":[],"startAt":1789369979172,"status":"passed","title":"active workflow surfaces preserve the two-lane and full-route contract"},{"ancestorTitles":["check-paragraph-workflow-wording"],"duration":1,"failing":false,"failureDetails":[],"failureMessages":[],"fullName":"check-paragraph-workflow-wording entry links resolve in both repositories, including the nested skill and local path instructions","invocations":1,"location":null,"numPassingAsserts":1,"retryReasons":[],"startAt":1789369979234,"status":"passed","title":"entry links resolve in both repositories, including the nested skill and local path instructions"},{"ancestorTitles":["check-paragraph-workflow-wording"],"duration":0,"failing":false,"failureDetails":[],"failureMessages":[],"fullName":"check-paragraph-workflow-wording rejects broken entry navigation in RESEARCH_AGENT_MAP.md: [contract](missing.md)","invocations":1,"location":null,"numPassingAsserts":1,"retryReasons":[],"startAt":1789369979235,"status":"passed","title":"rejects broken entry navigation in RESEARCH_AGENT_MAP.md: [contract](missing.md)"},{"ancestorTitles":["check-paragraph-workflow-wording"],"duration":1,"failing":false,"failureDetails":[],"failureMessages":[],"fullName":"check-paragraph-workflow-wording rejects broken entry navigation in RESEARCH_AGENT_MAP.md: [guide](AGENTS.md#removed)","invocations":1,"location":null,"numPassingAsserts":1,"retryReasons":[],"startAt":1789369979235,"status":"passed","title":"rejects broken entry navigation in RESEARCH_AGENT_MAP.md: [guide](AGENTS.md#removed)"},{"ancestorTitles":["check-paragraph-workflow-wording"],"duration":0,"failing":false,"failureDetails":[],"failureMessages":[],"fullName":"check-paragraph-workflow-wording rejects broken entry navigation in AGENT_GITHUB_ENTRY.md: [raw](https://raw.githubusercontent.com/meijer1973/4veco-platform/main/missing.md)","invocations":1,"location":null,"numPassingAsserts":1,"retryReasons":[],"startAt":1789369979236,"status":"passed","title":"rejects broken entry navigation in AGENT_GITHUB_ENTRY.md: [raw](https://raw.githubusercontent.com/meijer1973/4veco-platform/main/missing.md)"},{"ancestorTitles":["check-paragraph-workflow-wording"],"duration":0,"failing":false,"failureDetails":[],"failureMessages":[],"fullName":"check-paragraph-workflow-wording rejects broken entry navigation in ../4veco-lessen/RESEARCH_AGENT_PROMPT.md: [guide](../4veco-platform/AGENTS.md)","invocations":1,"location":null,"numPassingAsserts":1,"retryReasons":[],"startAt":1789369979236,"status":"passed","title":"rejects broken entry navigation in ../4veco-lessen/RESEARCH_AGENT_PROMPT.md: [guide](../4veco-platform/AGENTS.md)"},{"ancestorTitles":["check-paragraph-workflow-wording"],"duration":0,"failing":false,"failureDetails":[],"failureMessages":[],"fullName":"check-paragraph-workflow-wording rejects broken entry navigation in docs/workflows/part-a-start.md: [review](missing.md)","invocations":1,"location":null,"numPassingAsserts":1,"retryReasons":[],"startAt":1789369979237,"status":"passed","title":"rejects broken entry navigation in docs/workflows/part-a-start.md: [review](missing.md)"},{"ancestorTitles":["check-paragraph-workflow-wording"],"duration":0,"failing":false,"failureDetails":[],"failureMessages":[],"fullName":"check-paragraph-workflow-wording rejects broken entry navigation in docs/workflows/part-a-start.md: [review](../../AGENTS.md#obsolete)","invocations":1,"location":null,"numPassingAsserts":1,"retryReasons":[],"startAt":1789369979237,"status":"passed","title":"rejects broken entry navigation in docs/workflows/part-a-start.md: [review](../../AGENTS.md#obsolete)"},{"ancestorTitles":["check-paragraph-workflow-wording"],"duration":0,"failing":false,"failureDetails":[],"failureMessages":[],"fullName":"check-paragraph-workflow-wording rejects broken entry navigation in AGENTS.md: [spec](../4veco-lessen/specifications/product-vision.md)","invocations":1,"location":null,"numPassingAsserts":1,"retryReasons":[],"startAt":1789369979237,"status":"passed","title":"rejects broken entry navigation in AGENTS.md: [spec](../4veco-lessen/specifications/product-vision.md)"},{"ancestorTitles":["check-paragraph-workflow-wording"],"duration":0,"failing":false,"failureDetails":[],"failureMessages":[],"fullName":"check-paragraph-workflow-wording rejects broken entry navigation in ../4veco-lessen/AGENTS.md: [guide](../4veco-platform/AGENTS.md)","invocations":1,"location":null,"numPassingAsserts":1,"retryReasons":[],"startAt":1789369979237,"status":"passed","title":"rejects broken entry navigation in ../4veco-lessen/AGENTS.md: [guide](../4veco-platform/AGENTS.md)"},{"ancestorTitles":["check-paragraph-workflow-wording"],"duration":0,"failing":false,"failureDetails":[],"failureMessages":[],"fullName":"check-paragraph-workflow-wording rejects broken entry navigation in ../4veco-lessen/AGENTS.md: null","invocations":1,"location":null,"numPassingAsserts":1,"retryReasons":[],"startAt":1789369979238,"status":"passed","title":"rejects broken entry navigation in ../4veco-lessen/AGENTS.md: null"},{"ancestorTitles":["check-paragraph-workflow-wording"],"duration":0,"failing":false,"failureDetails":[],"failureMessages":[],"fullName":"check-paragraph-workflow-wording rejects broken entry navigation in AGENTS.md: [spec](https://github.com/wrong-owner/4veco-lessen/blob/main/specifications/product-vision.md)","invocations":1,"location":null,"numPassingAsserts":1,"retryReasons":[],"startAt":1789369979238,"status":"passed","title":"rejects broken entry navigation in AGENTS.md: [spec](https://github.com/wrong-owner/4veco-lessen/blob/main/specifications/product-vision.md)"},{"ancestorTitles":["check-paragraph-workflow-wording"],"duration":0,"failing":false,"failureDetails":[],"failureMessages":[],"fullName":"check-paragraph-workflow-wording rejects broken entry navigation in AGENTS.md: [spec](https://github.com/meijer1973/4veco-lessen/blob/main/specifications/missing.md)","invocations":1,"location":null,"numPassingAsserts":1,"retryReasons":[],"startAt":1789369979238,"status":"passed","title":"rejects broken entry navigation in AGENTS.md: [spec](https://github.com/meijer1973/4veco-lessen/blob/main/specifications/missing.md)"},{"ancestorTitles":["check-paragraph-workflow-wording"],"duration":0,"failing":false,"failureDetails":[],"failureMessages":[],"fullName":"check-paragraph-workflow-wording rejects broken entry navigation in BUILD-PARAGRAPH.md: [Design Principles](AGENTS.md#design-principles)","invocations":1,"location":null,"numPassingAsserts":1,"retryReasons":[],"startAt":1789369979238,"status":"passed","title":"rejects broken entry navigation in BUILD-PARAGRAPH.md: [Design Principles](AGENTS.md#design-principles)"},{"ancestorTitles":["check-paragraph-workflow-wording"],"duration":0,"failing":false,"failureDetails":[],"failureMessages":[],"fullName":"check-paragraph-workflow-wording rejects broken entry navigation in BUILD-PARAGRAPH.md: [quality](AGENTS.md#)","invocations":1,"location":null,"numPassingAsserts":1,"retryReasons":[],"startAt":1789369979238,"status":"passed","title":"rejects broken entry navigation in BUILD-PARAGRAPH.md: [quality](AGENTS.md#)"},{"ancestorTitles":["check-paragraph-workflow-wording"],"duration":1,"failing":false,"failureDetails":[],"failureMessages":[],"fullName":"check-paragraph-workflow-wording rejects broken entry navigation in skills/econ-chapter-builder.md: [quality](../AGENTS.md#)","invocations":1,"location":null,"numPassingAsserts":1,"retryReasons":[],"startAt":1789369979238,"status":"passed","title":"rejects broken entry navigation in skills/econ-chapter-builder.md: [quality](../AGENTS.md#)"},{"ancestorTitles":["check-paragraph-workflow-wording"],"duration":0,"failing":false,"failureDetails":[],"failureMessages":[],"fullName":"check-paragraph-workflow-wording rejects broken entry navigation in skills/econ-chapter-builder.md: [Design Principles](../AGENTS.md#design-principles)","invocations":1,"location":null,"numPassingAsserts":1,"retryReasons":[],"startAt":1789369979239,"status":"passed","title":"rejects broken entry navigation in skills/econ-chapter-builder.md: [Design Principles](../AGENTS.md#design-principles)"},{"ancestorTitles":["check-paragraph-workflow-wording"],"duration":0,"failing":false,"failureDetails":[],"failureMessages":[],"fullName":"check-paragraph-workflow-wording rejects broken entry navigation in skills/econ-chapter-builder.md: see AGENTS.md, Design Principles section","invocations":1,"location":null,"numPassingAsserts":1,"retryReasons":[],"startAt":1789369979239,"status":"passed","title":"rejects broken entry navigation in skills/econ-chapter-builder.md: see AGENTS.md, Design Principles section"},{"ancestorTitles":["check-paragraph-workflow-wording"],"duration":0,"failing":false,"failureDetails":[],"failureMessages":[],"fullName":"check-paragraph-workflow-wording lookup access can link raw files and external repository/site entry URLs","invocations":1,"location":null,"numPassingAsserts":1,"retryReasons":[],"startAt":1789369979239,"status":"passed","title":"lookup access can link raw files and external repository/site entry URLs"},{"ancestorTitles":["check-paragraph-workflow-wording"],"duration":0,"failing":false,"failureDetails":[],"failureMessages":[],"fullName":"check-paragraph-workflow-wording default platform validation permits the older lesson entry used by platform-first CI","invocations":1,"location":null,"numPassingAsserts":1,"retryReasons":[],"startAt":1789369979239,"status":"passed","title":"default platform validation permits the older lesson entry used by platform-first CI"},{"ancestorTitles":["check-paragraph-workflow-wording"],"duration":1,"failing":false,"failureDetails":[],"failureMessages":[],"fullName":"check-paragraph-workflow-wording entry fragments follow heading slugs, duplicate suffixes and explicit compatibility anchors","invocations":1,"location":null,"numPassingAsserts":1,"retryReasons":[],"startAt":1789369979239,"status":"passed","title":"entry fragments follow heading slugs, duplicate suffixes and explicit compatibility anchors"},{"ancestorTitles":["check-paragraph-workflow-wording"],"duration":11,"failing":false,"failureDetails":[],"failureMessages":[],"fullName":"check-paragraph-workflow-wording fails when the navigation destination is omitted: research contract link: build-scripts/workflows/check-part-a-pdf-readiness.js","invocations":1,"location":null,"numPassingAsserts":1,"retryReasons":[],"startAt":1789369979242,"status":"passed","title":"fails when the navigation destination is omitted: research contract link: build-scripts/workflows/check-part-a-pdf-readiness.js"},{"ancestorTitles":["check-paragraph-workflow-wording"],"duration":9,"failing":false,"failureDetails":[],"failureMessages":[],"fullName":"check-paragraph-workflow-wording fails when the navigation destination is omitted: URL-index source: build-scripts/workflows/check-part-a-pdf-readiness.js","invocations":1,"location":null,"numPassingAsserts":1,"retryReasons":[],"startAt":1789369979253,"status":"passed","title":"fails when the navigation destination is omitted: URL-index source: build-scripts/workflows/check-part-a-pdf-readiness.js"},{"ancestorTitles":["check-paragraph-workflow-wording"],"duration":9,"failing":false,"failureDetails":[],"failureMessages":[],"fullName":"check-paragraph-workflow-wording fails when the navigation destination is omitted: generated URL index: build-scripts/workflows/check-part-a-pdf-readiness.js","invocations":1,"location":null,"numPassingAsserts":1,"retryReasons":[],"startAt":1789369979262,"status":"passed","title":"fails when the navigation destination is omitted: generated URL index: build-scripts/workflows/check-part-a-pdf-readiness.js"},{"ancestorTitles":["check-paragraph-workflow-wording"],"duration":8,"failing":false,"failureDetails":[],"failureMessages":[],"fullName":"check-paragraph-workflow-wording fails when the navigation destination is omitted: research contract link: build-scripts/workflows/check-paragraph-workflow-wording.js","invocations":1,"location":null,"numPassingAsserts":1,"retryReasons":[],"startAt":1789369979271,"status":"passed","title":"fails when the navigation destination is omitted: research contract link: build-scripts/workflows/check-paragraph-workflow-wording.js"},{"ancestorTitles":["check-paragraph-workflow-wording"],"duration":9,"failing":false,"failureDetails":[],"failureMessages":[],"fullName":"check-paragraph-workflow-wording fails when the navigation destination is omitted: URL-index source: build-scripts/workflows/check-paragraph-workflow-wording.js","invocations":1,"location":null,"numPassingAsserts":1,"retryReasons":[],"startAt":1789369979279,"status":"passed","title":"fails when the navigation destination is omitted: URL-index source: build-scripts/workflows/check-paragraph-workflow-wording.js"},{"ancestorTitles":["check-paragraph-workflow-wording"],"duration":8,"failing":false,"failureDetails":[],"failureMessages":[],"fullName":"check-paragraph-workflow-wording fails when the navigation destination is omitted: generated URL index: build-scripts/workflows/check-paragraph-workflow-wording.js","invocations":1,"location":null,"numPassingAsserts":1,"retryReasons":[],"startAt":1789369979288,"status":"passed","title":"fails when the navigation destination is omitted: generated URL index: build-scripts/workflows/check-paragraph-workflow-wording.js"},{"ancestorTitles":["check-paragraph-workflow-wording"],"duration":9,"failing":false,"failureDetails":[],"failureMessages":[],"fullName":"check-paragraph-workflow-wording fails when the navigation destination is omitted: research contract link: docs/workflows/legacy-full-companion-profile.md","invocations":1,"location":null,"numPassingAsserts":1,"retryReasons":[],"startAt":1789369979296,"status":"passed","title":"fails when the navigation destination is omitted: research contract link: docs/workflows/legacy-full-companion-profile.md"},{"ancestorTitles":["check-paragraph-workflow-wording"],"duration":10,"failing":false,"failureDetails":[],"failureMessages":[],"fullName":"check-paragraph-workflow-wording fails when the navigation destination is omitted: URL-index source: docs/workflows/legacy-full-companion-profile.md","invocations":1,"location":null,"numPassingAsserts":1,"retryReasons":[],"startAt":1789369979305,"status":"passed","title":"fails when the navigation destination is omitted: URL-index source: docs/workflows/legacy-full-companion-profile.md"},{"ancestorTitles":["check-paragraph-workflow-wording"],"duration":8,"failing":false,"failureDetails":[],"failureMessages":[],"fullName":"check-paragraph-workflow-wording fails when the navigation destination is omitted: generated URL index: docs/workflows/legacy-full-companion-profile.md","invocations":1,"location":null,"numPassingAsserts":1,"retryReasons":[],"startAt":1789369979315,"status":"passed","title":"fails when the navigation destination is omitted: generated URL index: docs/workflows/legacy-full-companion-profile.md"},{"ancestorTitles":["check-paragraph-workflow-wording"],"duration":9,"failing":false,"failureDetails":[],"failureMessages":[],"fullName":"check-paragraph-workflow-wording fails when the navigation destination is omitted: research contract link: scripts/lib/paragraph-types.js","invocations":1,"location":null,"numPassingAsserts":1,"retryReasons":[],"startAt":1789369979323,"status":"passed","title":"fails when the navigation destination is omitted: research contract link: scripts/lib/paragraph-types.js"},{"ancestorTitles":["check-paragraph-workflow-wording"],"duration":10,"failing":false,"failureDetails":[],"failureMessages":[],"fullName":"check-paragraph-workflow-wording fails when the navigation destination is omitted: URL-index source: scripts/lib/paragraph-types.js","invocations":1,"location":null,"numPassingAsserts":1,"retryReasons":[],"startAt":1789369979332,"status":"passed","title":"fails when the navigation destination is omitted: URL-index source: scripts/lib/paragraph-types.js"},{"ancestorTitles":["check-paragraph-workflow-wording"],"duration":9,"failing":false,"failureDetails":[],"failureMessages":[],"fullName":"check-paragraph-workflow-wording fails when the navigation destination is omitted: generated URL index: scripts/lib/paragraph-types.js","invocations":1,"location":null,"numPassingAsserts":1,"retryReasons":[],"startAt":1789369979342,"status":"passed","title":"fails when the navigation destination is omitted: generated URL index: scripts/lib/paragraph-types.js"},{"ancestorTitles":["check-paragraph-workflow-wording"],"duration":9,"failing":false,"failureDetails":[],"failureMessages":[],"fullName":"check-paragraph-workflow-wording fails when the navigation destination is omitted: legacy profile Markdown link: BUILD-PARAGRAPH.md","invocations":1,"location":null,"numPassingAsserts":1,"retryReasons":[],"startAt":1789369979351,"status":"passed","title":"fails when the navigation destination is omitted: legacy profile Markdown link: BUILD-PARAGRAPH.md"},{"ancestorTitles":["check-paragraph-workflow-wording"],"duration":9,"failing":false,"failureDetails":[],"failureMessages":[],"fullName":"check-paragraph-workflow-wording fails when the navigation destination is omitted: legacy profile Markdown link: build-scripts/README.md","invocations":1,"location":null,"numPassingAsserts":1,"retryReasons":[],"startAt":1789369979360,"status":"passed","title":"fails when the navigation destination is omitted: legacy profile Markdown link: build-scripts/README.md"},{"ancestorTitles":["check-paragraph-workflow-wording"],"duration":8,"failing":false,"failureDetails":[],"failureMessages":[],"fullName":"check-paragraph-workflow-wording fails when the navigation destination is omitted: legacy profile Markdown link: docs/workflows/web-companion-paragraph-lane.md","invocations":1,"location":null,"numPassingAsserts":1,"retryReasons":[],"startAt":1789369979370,"status":"passed","title":"fails when the navigation destination is omitted: legacy profile Markdown link: docs/workflows/web-companion-paragraph-lane.md"},{"ancestorTitles":["check-paragraph-workflow-wording"],"duration":9,"failing":false,"failureDetails":[],"failureMessages":[],"fullName":"check-paragraph-workflow-wording fails when the navigation destination is omitted: legacy profile Markdown link: docs/workflows/paragraph-lane-vocabulary.md","invocations":1,"location":null,"numPassingAsserts":1,"retryReasons":[],"startAt":1789369979378,"status":"passed","title":"fails when the navigation destination is omitted: legacy profile Markdown link: docs/workflows/paragraph-lane-vocabulary.md"},{"ancestorTitles":["check-paragraph-workflow-wording"],"duration":8,"failing":false,"failureDetails":[],"failureMessages":[],"fullName":"check-paragraph-workflow-wording remote entry keeps the map discoverable without repeating its contracts","invocations":1,"location":null,"numPassingAsserts":2,"retryReasons":[],"startAt":1789369979387,"status":"passed","title":"remote entry keeps the map discoverable without repeating its contracts"},{"ancestorTitles":["check-paragraph-workflow-wording"],"duration":1,"failing":false,"failureDetails":[],"failureMessages":[],"fullName":"check-paragraph-workflow-wording flags stale publisher-only PDF wording","invocations":1,"location":null,"numPassingAsserts":2,"retryReasons":[],"startAt":1789369979395,"status":"passed","title":"flags stale publisher-only PDF wording"},{"ancestorTitles":["check-paragraph-workflow-wording"],"duration":0,"failing":false,"failureDetails":[],"failureMessages":[],"fullName":"check-paragraph-workflow-wording flags a missing baseline-versus-product distinction","invocations":1,"location":null,"numPassingAsserts":2,"retryReasons":[],"startAt":1789369979396,"status":"passed","title":"flags a missing baseline-versus-product distinction"}],"endTime":1789369979397,"message":"","name":"C:\\wt\\reorganize 2\\cleanup-20260914\\4veco-platform\\build-scripts\\workflows\\check-paragraph-workflow-wording.test.js","startTime":1789369979012,"status":"passed","summary":""}],"wasInterrupted":false}
